<?xml version="1.0" encoding="UTF-8" ?>
<testsuites>
  <testsuite errors="0" failures="1" hostname="trishas-mbp.austin.ibm.com" name="LandingTest-uitests" tests="1" time="0.0" timestamp="2015-03-12T16:21:10">
    <properties />
    <testcase classname="Android Automated UI Test.test.LandingTest" name="testTrue" time="0.002">
      <failure message="UiSelector[CHILD=UiSelector[CLASS=android.widget.LinearLayout, INSTANCE=1], RESOURCE_ID=com.ibm.mil.readyapps.summit:id/recommended_items_pager]" type="com.android.uiautomator.core.UiObjectNotFoundException">
	at com.android.uiautomator.core.UiObject.clickAndWaitForNewWindow(UiObject.java:432)
	at com.android.uiautomator.core.UiObject.clickAndWaitForNewWindow(UiObject.java:410)
	at test.LandingTest.testTrue(LandingTest.java:41)
	at com.android.uiautomator.testrunner.UiAutomatorTestRunner.start(UiAutomatorTestRunner.java:160)
	at com.android.uiautomator.testrunner.UiAutomatorTestRunner.run(UiAutomatorTestRunner.java:96)
	at com.android.commands.uiautomator.RunTestCommand.run(RunTestCommand.java:91)
	at com.android.commands.uiautomator.Launcher.main(Launcher.java:83)
	at com.android.internal.os.RuntimeInit.nativeFinishInit(Native Method)
	at com.android.internal.os.RuntimeInit.main(RuntimeInit.java:249)
</failure>
    </testcase>
  </testsuite>
</testsuites>
